<?xml version="1.0" encoding="UTF-8"?>
<testsuite xmlns:xsi="http://www.w3.org/2001/XMLSchema-instance" xsi:noNamespaceSchemaLocation="https://maven.apache.org/surefire/maven-surefire-plugin/xsd/surefire-test-report-3.0.xsd" version="3.0" name="com.epic.counter.service.CounterServiceTest" time="0.365" tests="4" errors="0" skipped="0" failures="0">
  <properties>
[...]
</properties>
  <testcase name="testGetAllCounters" classname="com.epic.counter.service.CounterServiceTest" time="0.08">
    <system-out><![CDATA[2023-08-09T10:50:24.946+03:00  INFO 17132 --- [           main] t.c.s.AnnotationConfigContextLoaderUtils : Could not detect default configuration classes for test class [com.epic.counter.service.CounterServiceTest]: CounterServiceTest does not declare any static, non-private, non-final, nested classes annotated with @Configuration.
2023-08-09T10:50:24.954+03:00  INFO 17132 --- [           main] .b.t.c.SpringBootTestContextBootstrapper : Found @SpringBootConfiguration com.epic.counter.CounterProjectApplication for test class com.epic.counter.service.CounterServiceTest
]]></system-out>
  </testcase>
  <testcase name="testDeleteCounter" classname="com.epic.counter.service.CounterServiceTest" time="0.013"/>
  <testcase name="testSaveCounter" classname="com.epic.counter.service.CounterServiceTest" time="0.004"/>
  <testcase name="testGetCounter" classname="com.epic.counter.service.CounterServiceTest" time="0.003"/>
</testsuite>